<?xml version="1.0" encoding="UTF-8"?>

<dataset>

  <comics ID="1000" FILENAME="C:/users/mcpierce/Documents/comics/example.cbz"
    COMIC_VINE_ID="ABCDEFG" added_date="2017-06-13 15:20:00" cover_date="2017-01-31"
    volume="2017" issue_number="512" description="This is a comic book's description"
    summary="This is a summary" />

  <comic_story_arcs comic_id="1000" story_arc_name="Civil War II" />
  <comic_story_arcs comic_id="1000" story_arc_name="Prelude To Civil War II" />

  <comic_teams comic_id="1000" team_name="The Avengers" />
  <comic_teams comic_id="1000" team_name="The West Coast Avengers" />
  <comic_teams comic_id="1000" team_name="The Great Lake Avengers" />
  <comic_teams comic_id="1000" team_name="The New Avengers" />
  <comic_teams comic_id="1000" team_name="The Uncanny Avengers" />

  <comic_characters comic_id="1000" character_name="Captain America" />

  <comic_locations comic_id="1000" location_name="Wakanda" />
  <comic_locations comic_id="1000" location_name="Genosha" />
  <comic_locations comic_id="1000" location_name="The Savage Land" />

</dataset>